<?xml version="1.0" encoding="UTF-8"?>
<testng-results skipped="0" failed="1" ignored="0" total="5" passed="4">
  <reporter-output>
  </reporter-output>
  <suite name="DS Algo Test Automation Test Suite" duration-ms="18469" started-at="2022-09-16T11:39:41 CDT" finished-at="2022-09-16T11:39:59 CDT">
    <groups>
    </groups>
    <test name="DS Algo Test" duration-ms="18469" started-at="2022-09-16T11:39:41 CDT" finished-at="2022-09-16T11:39:59 CDT">
      <class name="com.dsalgo.testcases.LinkedListTest">
        <test-method status="PASS" signature="setUp()[pri:0, instance:com.dsalgo.testcases.LinkedListTest@7cbd213e]" name="setUp" is-config="true" duration-ms="4036" started-at="2022-09-16T11:39:41 CDT" finished-at="2022-09-16T11:39:45 CDT">
          <reporter-output>
          </reporter-output>
        </test-method> <!-- setUp -->
        <test-method status="PASS" signature="click_Getstarted_below_LinkedListTest()[pri:1, instance:com.dsalgo.testcases.LinkedListTest@7cbd213e]" name="click_Getstarted_below_LinkedListTest" duration-ms="7488" started-at="2022-09-16T11:39:45 CDT" finished-at="2022-09-16T11:39:52 CDT">
          <reporter-output>
          </reporter-output>
        </test-method> <!-- click_Getstarted_below_LinkedListTest -->
        <test-method status="PASS" signature="click_Introduction_Test()[pri:2, instance:com.dsalgo.testcases.LinkedListTest@7cbd213e]" name="click_Introduction_Test" duration-ms="1281" started-at="2022-09-16T11:39:52 CDT" finished-at="2022-09-16T11:39:54 CDT">
          <reporter-output>
          </reporter-output>
        </test-method> <!-- click_Introduction_Test -->
        <test-method status="PASS" signature="click_tryHere_Test()[pri:3, instance:com.dsalgo.testcases.LinkedListTest@7cbd213e]" name="click_tryHere_Test" duration-ms="1452" started-at="2022-09-16T11:39:54 CDT" finished-at="2022-09-16T11:39:55 CDT">
          <reporter-output>
          </reporter-output>
        </test-method> <!-- click_tryHere_Test -->
        <test-method status="PASS" signature="sendCodeTest()[pri:5, instance:com.dsalgo.testcases.LinkedListTest@7cbd213e]" name="sendCodeTest" duration-ms="3385" started-at="2022-09-16T11:39:55 CDT" finished-at="2022-09-16T11:39:59 CDT">
          <reporter-output>
          </reporter-output>
        </test-method> <!-- sendCodeTest -->
        <test-method status="FAIL" signature="click_createLinkedlist_Test()[pri:6, instance:com.dsalgo.testcases.LinkedListTest@7cbd213e]" name="click_createLinkedlist_Test" duration-ms="92" started-at="2022-09-16T11:39:59 CDT" finished-at="2022-09-16T11:39:59 CDT">
          <exception class="org.openqa.selenium.InvalidSelectorException">
            <message>
              <![CDATA[invalid selector: Unable to locate an element with the xpath expression //a[contains(text(), 'Creating Linked List'] because of the following error:
SyntaxError: Failed to execute 'evaluate' on 'Document': The string '//a[contains(text(), 'Creating Linked List']' is not a valid XPath expression.
  (Session info: chrome=105.0.5195.125)
For documentation on this error, please visit: https://selenium.dev/exceptions/#invalid_selector_exception
Build info: version: '4.4.0', revision: 'e5c75ed026a'
System info: host: 'Sundars-MBP.attlocal.net', ip: '2600:1700:2fa0:a7e0:0:0:0:41%en0', os.name: 'Mac OS X', os.arch: 'x86_64', os.version: '10.16', java.version: '1.8.0_311'
Driver info: org.openqa.selenium.chrome.ChromeDriver
Command: [8cb6580c02b19e0c1f067a50a575df2d, findElement {using=xpath, value=//a[contains(text(), 'Creating Linked List']}]
Capabilities {acceptInsecureCerts: false, browserName: chrome, browserVersion: 105.0.5195.125, chrome: {chromedriverVersion: 104.0.5112.79 (3cf3e8c8a07d..., userDataDir: /var/folders/6_/d6t7_g7s221...}, goog:chromeOptions: {debuggerAddress: localhost:57347}, networkConnectionEnabled: false, pageLoadStrategy: normal, platformName: MAC, proxy: Proxy(), se:cdp: ws://localhost:57347/devtoo..., se:cdpVersion: 105.0.5195.125, setWindowRect: true, strictFileInteractability: false, timeouts: {implicit: 0, pageLoad: 300000, script: 30000}, unhandledPromptBehavior: dismiss and notify, webauthn:extension:credBlob: true, webauthn:extension:largeBlob: true, webauthn:virtualAuthenticators: true}
Session ID: 8cb6580c02b19e0c1f067a50a575df2d]]>
            </message>
            <full-stacktrace>
              <![CDATA[org.openqa.selenium.InvalidSelectorException: invalid selector: Unable to locate an element with the xpath expression //a[contains(text(), 'Creating Linked List'] because of the following error:
SyntaxError: Failed to execute 'evaluate' on 'Document': The string '//a[contains(text(), 'Creating Linked List']' is not a valid XPath expression.
  (Session info: chrome=105.0.5195.125)
For documentation on this error, please visit: https://selenium.dev/exceptions/#invalid_selector_exception
Build info: version: '4.4.0', revision: 'e5c75ed026a'
System info: host: 'Sundars-MBP.attlocal.net', ip: '2600:1700:2fa0:a7e0:0:0:0:41%en0', os.name: 'Mac OS X', os.arch: 'x86_64', os.version: '10.16', java.version: '1.8.0_311'
Driver info: org.openqa.selenium.chrome.ChromeDriver
Command: [8cb6580c02b19e0c1f067a50a575df2d, findElement {using=xpath, value=//a[contains(text(), 'Creating Linked List']}]
Capabilities {acceptInsecureCerts: false, browserName: chrome, browserVersion: 105.0.5195.125, chrome: {chromedriverVersion: 104.0.5112.79 (3cf3e8c8a07d..., userDataDir: /var/folders/6_/d6t7_g7s221...}, goog:chromeOptions: {debuggerAddress: localhost:57347}, networkConnectionEnabled: false, pageLoadStrategy: normal, platformName: MAC, proxy: Proxy(), se:cdp: ws://localhost:57347/devtoo..., se:cdpVersion: 105.0.5195.125, setWindowRect: true, strictFileInteractability: false, timeouts: {implicit: 0, pageLoad: 300000, script: 30000}, unhandledPromptBehavior: dismiss and notify, webauthn:extension:credBlob: true, webauthn:extension:largeBlob: true, webauthn:virtualAuthenticators: true}
Session ID: 8cb6580c02b19e0c1f067a50a575df2d
at sun.reflect.NativeConstructorAccessorImpl.newInstance0(Native Method)
at sun.reflect.NativeConstructorAccessorImpl.newInstance(NativeConstructorAccessorImpl.java:62)
at sun.reflect.DelegatingConstructorAccessorImpl.newInstance(DelegatingConstructorAccessorImpl.java:45)
at java.lang.reflect.Constructor.newInstance(Constructor.java:423)
at org.openqa.selenium.remote.codec.w3c.W3CHttpResponseCodec.createException(W3CHttpResponseCodec.java:200)
at org.openqa.selenium.remote.codec.w3c.W3CHttpResponseCodec.decode(W3CHttpResponseCodec.java:133)
at org.openqa.selenium.remote.codec.w3c.W3CHttpResponseCodec.decode(W3CHttpResponseCodec.java:53)
at org.openqa.selenium.remote.HttpCommandExecutor.execute(HttpCommandExecutor.java:184)
at org.openqa.selenium.remote.service.DriverCommandExecutor.invokeExecute(DriverCommandExecutor.java:167)
at org.openqa.selenium.remote.service.DriverCommandExecutor.execute(DriverCommandExecutor.java:142)
at org.openqa.selenium.remote.RemoteWebDriver.execute(RemoteWebDriver.java:547)
at org.openqa.selenium.remote.ElementLocation$ElementFinder$2.findElement(ElementLocation.java:162)
at org.openqa.selenium.remote.ElementLocation.findElement(ElementLocation.java:60)
at org.openqa.selenium.remote.RemoteWebDriver.findElement(RemoteWebDriver.java:365)
at org.openqa.selenium.remote.RemoteWebDriver.findElement(RemoteWebDriver.java:357)
at com.dsalgo.pageObjects.LinkedListPage.click_createLinkedlist(LinkedListPage.java:49)
at com.dsalgo.testcases.LinkedListTest.click_createLinkedlist_Test(LinkedListTest.java:76)
at sun.reflect.NativeMethodAccessorImpl.invoke0(Native Method)
at sun.reflect.NativeMethodAccessorImpl.invoke(NativeMethodAccessorImpl.java:62)
at sun.reflect.DelegatingMethodAccessorImpl.invoke(DelegatingMethodAccessorImpl.java:43)
at java.lang.reflect.Method.invoke(Method.java:498)
at org.testng.internal.MethodInvocationHelper.invokeMethod(MethodInvocationHelper.java:133)
at org.testng.internal.TestInvoker.invokeMethod(TestInvoker.java:598)
at org.testng.internal.TestInvoker.invokeTestMethod(TestInvoker.java:173)
at org.testng.internal.MethodRunner.runInSequence(MethodRunner.java:46)
at org.testng.internal.TestInvoker$MethodInvocationAgent.invoke(TestInvoker.java:824)
at org.testng.internal.TestInvoker.invokeTestMethods(TestInvoker.java:146)
at org.testng.internal.TestMethodWorker.invokeTestMethods(TestMethodWorker.java:146)
at org.testng.internal.TestMethodWorker.run(TestMethodWorker.java:128)
at java.util.ArrayList.forEach(ArrayList.java:1259)
at org.testng.TestRunner.privateRun(TestRunner.java:794)
at org.testng.TestRunner.run(TestRunner.java:596)
at org.testng.SuiteRunner.runTest(SuiteRunner.java:377)
at org.testng.SuiteRunner.runSequentially(SuiteRunner.java:371)
at org.testng.SuiteRunner.privateRun(SuiteRunner.java:332)
at org.testng.SuiteRunner.run(SuiteRunner.java:276)
at org.testng.SuiteRunnerWorker.runSuite(SuiteRunnerWorker.java:53)
at org.testng.SuiteRunnerWorker.run(SuiteRunnerWorker.java:96)
at org.testng.TestNG.runSuitesSequentially(TestNG.java:1212)
at org.testng.TestNG.runSuitesLocally(TestNG.java:1134)
at org.testng.TestNG.runSuites(TestNG.java:1063)
at org.testng.TestNG.run(TestNG.java:1031)
at org.testng.remote.AbstractRemoteTestNG.run(AbstractRemoteTestNG.java:115)
at org.testng.remote.RemoteTestNG.initAndRun(RemoteTestNG.java:251)
at org.testng.remote.RemoteTestNG.main(RemoteTestNG.java:77)
]]>
            </full-stacktrace>
          </exception> <!-- org.openqa.selenium.InvalidSelectorException -->
          <reporter-output>
          </reporter-output>
        </test-method> <!-- click_createLinkedlist_Test -->
        <test-method status="PASS" signature="tearDown()[pri:0, instance:com.dsalgo.testcases.LinkedListTest@7cbd213e]" name="tearDown" is-config="true" duration-ms="163" started-at="2022-09-16T11:39:59 CDT" finished-at="2022-09-16T11:39:59 CDT">
          <reporter-output>
          </reporter-output>
        </test-method> <!-- tearDown -->
      </class> <!-- com.dsalgo.testcases.LinkedListTest -->
    </test> <!-- DS Algo Test -->
  </suite> <!-- DS Algo Test Automation Test Suite -->
</testng-results>
